<html xmlns:string="xalan://java.lang.String" xmlns:lxslt="http://xml.apache.org/xslt">
<head>
<META http-equiv="Content-Type" content="text/html; charset=UTF-8">
<title>Unit Test Results: All Tests</title>
<link rel="stylesheet" type="text/css" title="Style" href="stylesheet.css">
</head>
<body onload="open('allclasses-frame.html','classListFrame')">
<h1>Unit Test Results.</h1>
<table width="100%">
<tr>
<td align="left"></td><td align="right">Designed for use with <a href="http://www.junit.org/">JUnit</a> and <a href="http://ant.apache.org/">Ant</a>.</td>
</tr>
</table>
<hr size="1">
<h2>All Tests</h2>
<table class="details" border="0" cellpadding="5" cellspacing="2" width="95%">
<tr valign="top">
<th>Class</th><th>Name</th><th>Status</th><th width="80%">Type</th><th nowrap>Time(s)</th>
</tr>
<tr valign="top" class="Error">
<td><a href="junitpack/0_AllTests.html">AllTests</a></td><td><a name="Add_Camera"></a><a href="junitpack/0_AllTests.html#Add_Camera">Add_Camera</a></td><td>Error</td><td>unknown error: cannot get automation extension
from chrome not reachable
  (Session info: chrome=63.0.3239.84)
  (Driver info: chromedriver=2.29.461591 (62ebf098771772160f391d75e589dc567915b233),platform=Windows NT 6.3.9600 x86_64) (WARNING: The server did not provide any stacktrace information)
Command duration or timeout: 2.65 seconds
Build info: version: 'unknown', revision: '1969d75', time: '2016-10-18 09:43:45 -0700'
System info: host: 'TPE-Alex-Yang', ip: '192.168.40.1', os.name: 'Windows 8.1', os.arch: 'amd64', os.version: '6.3', java.version: '1.8.0_74'
Driver info: org.openqa.selenium.chrome.ChromeDriver
Capabilities [{applicationCacheEnabled=false, rotatable=false, mobileEmulationEnabled=false, networkConnectionEnabled=false, chrome={chromedriverVersion=2.29.461591 (62ebf098771772160f391d75e589dc567915b233), userDataDir=C:\Users\alexyang\AppData\Local\Temp\scoped_dir8556_11197}, takesHeapSnapshot=true, pageLoadStrategy=normal, databaseEnabled=false, handlesAlerts=true, hasTouchScreen=false, version=63.0.3239.84, platform=WIN8_1, browserConnectionEnabled=false, nativeEvents=true, acceptSslCerts=true, locationContextEnabled=true, webStorageEnabled=true, browserName=chrome, takesScreenshot=true, javascriptEnabled=true, cssSelectorsEnabled=true, unexpectedAlertBehaviour=}]
Session ID: fe04e3914dcc8d5820649f20d8277fea<br>
<br>
<code>org.openqa.selenium.WebDriverException: unknown error: cannot get automation extension<br>from chrome not reachable<br>  (Session info: chrome=63.0.3239.84)<br>  (Driver info: chromedriver=2.29.461591 (62ebf098771772160f391d75e589dc567915b233),platform=Windows NT 6.3.9600 x86_64) (WARNING: The server did not provide any stacktrace information)<br>Command duration or timeout: 2.65 seconds<br>Build info: version: 'unknown', revision: '1969d75', time: '2016-10-18 09:43:45 -0700'<br>System info: host: 'TPE-Alex-Yang', ip: '192.168.40.1', os.name: 'Windows 8.1', os.arch: 'amd64', os.version: '6.3', java.version: '1.8.0_74'<br>Driver info: org.openqa.selenium.chrome.ChromeDriver<br>Capabilities [{applicationCacheEnabled=false, rotatable=false, mobileEmulationEnabled=false, networkConnectionEnabled=false, chrome={chromedriverVersion=2.29.461591 (62ebf098771772160f391d75e589dc567915b233), userDataDir=C:\Users\alexyang\AppData\Local\Temp\scoped_dir8556_11197}, takesHeapSnapshot=true, pageLoadStrategy=normal, databaseEnabled=false, handlesAlerts=true, hasTouchScreen=false, version=63.0.3239.84, platform=WIN8_1, browserConnectionEnabled=false, nativeEvents=true, acceptSslCerts=true, locationContextEnabled=true, webStorageEnabled=true, browserName=chrome, takesScreenshot=true, javascriptEnabled=true, cssSelectorsEnabled=true, unexpectedAlertBehaviour=}]<br>Session ID: fe04e3914dcc8d5820649f20d8277fea<br>	at java.lang.reflect.Constructor.newInstance(Unknown Source)<br>	at org.openqa.selenium.remote.ErrorHandler.createThrowable(ErrorHandler.java:216)<br>	at org.openqa.selenium.remote.ErrorHandler.throwIfResponseFailed(ErrorHandler.java:168)<br>	at org.openqa.selenium.remote.RemoteWebDriver.execute(RemoteWebDriver.java:635)<br>	at org.openqa.selenium.remote.RemoteWebDriver.execute(RemoteWebDriver.java:658)<br>	at org.openqa.selenium.remote.RemoteWebDriver$RemoteWebDriverOptions$RemoteWindow.maximize(RemoteWebDriver.java:882)<br>	at junitpack.junit_add_camera.Addd_Camera(junit_add_camera.java:42)<br>
</code></td><td>6.203</td>
</tr>
<tr valign="top" class="Error">
<td><a href="junitpack/0_AllTests.html">AllTests</a></td><td><a name="Purchase_Plan"></a><a href="junitpack/0_AllTests.html#Purchase_Plan">Purchase_Plan</a></td><td>Error</td><td>unknown error: cannot get automation extension
from chrome not reachable
  (Session info: chrome=63.0.3239.84)
  (Driver info: chromedriver=2.29.461591 (62ebf098771772160f391d75e589dc567915b233),platform=Windows NT 6.3.9600 x86_64) (WARNING: The server did not provide any stacktrace information)
Command duration or timeout: 6.27 seconds
Build info: version: 'unknown', revision: '1969d75', time: '2016-10-18 09:43:45 -0700'
System info: host: 'TPE-Alex-Yang', ip: '192.168.40.1', os.name: 'Windows 8.1', os.arch: 'amd64', os.version: '6.3', java.version: '1.8.0_74'
Driver info: org.openqa.selenium.chrome.ChromeDriver
Capabilities [{applicationCacheEnabled=false, rotatable=false, mobileEmulationEnabled=false, networkConnectionEnabled=false, chrome={chromedriverVersion=2.29.461591 (62ebf098771772160f391d75e589dc567915b233), userDataDir=C:\Users\alexyang\AppData\Local\Temp\scoped_dir11176_26380}, takesHeapSnapshot=true, pageLoadStrategy=normal, databaseEnabled=false, handlesAlerts=true, hasTouchScreen=false, version=63.0.3239.84, platform=WIN8_1, browserConnectionEnabled=false, nativeEvents=true, acceptSslCerts=true, locationContextEnabled=true, webStorageEnabled=true, browserName=chrome, takesScreenshot=true, javascriptEnabled=true, cssSelectorsEnabled=true, unexpectedAlertBehaviour=}]
Session ID: 896b7270bde0dacb0d054cd23c1ccbdf<br>
<br>
<code>org.openqa.selenium.WebDriverException: unknown error: cannot get automation extension<br>from chrome not reachable<br>  (Session info: chrome=63.0.3239.84)<br>  (Driver info: chromedriver=2.29.461591 (62ebf098771772160f391d75e589dc567915b233),platform=Windows NT 6.3.9600 x86_64) (WARNING: The server did not provide any stacktrace information)<br>Command duration or timeout: 6.27 seconds<br>Build info: version: 'unknown', revision: '1969d75', time: '2016-10-18 09:43:45 -0700'<br>System info: host: 'TPE-Alex-Yang', ip: '192.168.40.1', os.name: 'Windows 8.1', os.arch: 'amd64', os.version: '6.3', java.version: '1.8.0_74'<br>Driver info: org.openqa.selenium.chrome.ChromeDriver<br>Capabilities [{applicationCacheEnabled=false, rotatable=false, mobileEmulationEnabled=false, networkConnectionEnabled=false, chrome={chromedriverVersion=2.29.461591 (62ebf098771772160f391d75e589dc567915b233), userDataDir=C:\Users\alexyang\AppData\Local\Temp\scoped_dir11176_26380}, takesHeapSnapshot=true, pageLoadStrategy=normal, databaseEnabled=false, handlesAlerts=true, hasTouchScreen=false, version=63.0.3239.84, platform=WIN8_1, browserConnectionEnabled=false, nativeEvents=true, acceptSslCerts=true, locationContextEnabled=true, webStorageEnabled=true, browserName=chrome, takesScreenshot=true, javascriptEnabled=true, cssSelectorsEnabled=true, unexpectedAlertBehaviour=}]<br>Session ID: 896b7270bde0dacb0d054cd23c1ccbdf<br>	at java.lang.reflect.Constructor.newInstance(Unknnown Source)<br>	at org.openqa.selenium.remote.ErrorHandler.createThrowable(ErrorHandler..java:216)<br>	at org.openqa.selenium.remote.ErrorHandler.throwIfResponseFailed(ErrorHandler.java:1168)<br>	at org.openqa.selenium.remote.RemoteWeebDriver.execute(RemoteWebDriver.java:635)<br>	at org.openqa.selenium.remote.RemoteWebDriver.execute(RemoteWebDriver.java:658)<br>	at org.openqa.selenium.remote.RemoteWebDriver$RemoteWebDDriverOptions$RemoteWindow.maximize(RemoteWebDriver.java:882)<br>	at junitpack.junit_purchase_plan.Purchase_Plan(junit_purchase_plan.java:50)<br>
</code></td><td>8.415</td>
</tr>
<tr valign="top" class="Error">
<td><a href="junitpack/0_AllTests.html">AllTests</a></td><td><a name="Camera_Setting"></a><a href="junitpack/0_AllTests.html#Camera_Setting">Camera_Setting</a></td><td>Error</td><td>The driver executable does not exist: C:\Users\alexyang\Desktop\ChromeDriver.exe<br>
<br>
<code>java.lang.IllegalStateException: The driver executable does not exist: C:\Users\alexyang\Desktoop\ChromeDriver.exe<br>	at com.google.common.base..Preconditions.checkState(Preconditions.java:199)<br>	at org.openqa.selenium.remote.service.DriverService.checkExecutable(DriverService.java:121)<br>	at org.openqa.selenium.remote.service.DriverService.findExecutable(DriverService.java:116))<br>	at org.openqa.selenium.chrome.ChromeDriverService.access$000(ChromeDriverService.java:32)<br>	at org.openqa.selenium.chrome.ChromeDriverService$Builder.findDefaultExecutable(ChromeDriverService..java:137)<br>	at org.openqa.selenium.remote.service.DDriverService$Builder.build(DriverService.java:296)<br>	at org.openqa.selenium.chrome.ChromeDriverService.createDefaultService(ChromeDriverService.java:88)<br>	at org.openqa.selenium.chrome.ChromeDriver.&lt;init&gt;(ChromeDriver.java:152)<br>	att junitpack.junit_camera_setting.Camera_Setting(junit_camera_setting.java:40)<br>
</code></td><td>0.002</td>
</tr>
<tr valign="top" class="Error">
<td><a href="junitpack/0_AllTests.html">AllTests</a></td><td><a name="Account_Setting"></a><a href="junitpack/0_AllTests.html#Account_Setting">Account_Setting</a></td><td>Error</td><td>unknown error: cannot get automation extension
from chrome not reachable
  (Session info: chrome=63.0.3239.84)
  (Driver info: chromedriver=2.29.461591 (62ebf098771772160f391d75e589dc567915b233),platform=Windows NT 6.3.9600 x86_64) (WARNING: The server did not provide any stacktrace information)
Command duration or timeout: 4.28 seconds
Build info: version: 'unknown', revision: '1969d75', time: '2016-10-18 09:43:45 -0700'
System info: host: 'TPE-Alex-Yang', ip: '192.168.40.1', os.name: 'Windows 8.1', os.arch: 'amd64', os.version: '6.3', java.version: '1.8.0_74'
Driver info: org.openqa.selenium.chrome.ChromeDriver
Capabilities [{applicationCacheEnabled=false, rotatable=false, mobileEmulationEnabled=false, networkConnectionEnabled=false, chrome={chromedriverVersion=2.29.461591 (62ebf098771772160f391d75e589dc567915b233), userDataDir=C:\Users\alexyang\AppData\Local\Temp\scoped_dir22460_15837}, takesHeapSnapshot=true, pageLoadStrategy=normal, databaseEnabled=false, handlesAlerts=true, hasTouchScreen=false, version=63.0.3239.84, platform=WIN8_1, browserConnectionEnabled=false, nativeEvents=true, acceptSslCerts=true, locationContextEnabled=true, webStorageEnabled=true, browserName=chrome, takesScreenshot=true, javascriptEnabled=true, cssSelectorsEnabled=true, unexpectedAlertBehaviour=}]
Session ID: a74070fa61907af0e3558e8437d82171<br>
<br>
<code>org.openqa.selenium.WebDriverException: unknown error: cannot get automation extension<br>from chrome not reachable<br>  (Session info: chrome=63.0.3239.84)<br>  (Driver info: chromedriver=2.29.461591 (62ebf098771772160f391d75e589dc567915b233),platform=Windows NT 6.3.9600 x86_64) (WARNING: The server did not provide any stacktrace information)<br>Command duration or timeout: 4.28 seconds<br>Build info: version: 'unknown', revision: '1969d75', time: '2016-10-18 09:43:45 -0700'<br>System info: host: 'TPE-Alex-Yang', ip: '192.168.40.1', os.name: 'Windows 8.1', os.arch: 'amd64', os.version: '6.3', java.version: '1.8.0_74'<br>Driver info: org.openqa.selenium.chrome.ChromeDriver<br>Capabilities [{applicationCacheEnabled=false, rotatable=false, mobileEmulationEnabled=false, networkConnectionEnabled=false, chrome={chromedriverVersion=2.29.461591 (62ebf098771772160f391d75e589dc567915b233), userDataDir=C:\Users\alexyang\AppData\Local\Temp\scoped_dir22460_15837}, takesHeapSnapshot=true, pageLoadStrategy=normal, databaseEnabled=false, handlesAlerts=true, hasTouchScreen=false, version=63.0.3239.84, platform=WIN8_1, browserConnectionEnabled=false, nativeEvents=true, acceptSslCerts=true, locationContextEnabled=true, webStorageEnabled=true, browserName=chrome, takesScreenshot=true, javascriptEnabled=true, cssSelectorsEnabled=true, unexpectedAlertBehaviour=}]<br>Session ID: a74070fa61907af0e3558e8437d82171<br>	at java.lang.reflect.Constructor.newInstance(Unknnown Source)<br>	at org.openqa.selenium.remote.ErrorHandler.createThrowable(ErrorHandler..java:216)<br>	at org.openqa.selenium.remote.ErrorHandler.throwIfResponseFailed(ErrorHandler.java:1168)<br>	at org.openqa.selenium.remote.RemoteWebDriver.eexecute(RemoteWebDriver.java:635)<br>	at org.openqa.selenium.remote.RemoteWebDriver.execute(RemoteWebDriver.java:658)<br>	at org.openqa.selenium.remote.RemoteWebDriver$RemoteWebDriverOptiions$RemoteWindow.maximize(RemoteWebDriver.java:882)<br>	at junitpack.junit_oauth_account_setting.Account_Setting(junit_oauth_account_setting.java:51)<br>
</code></td><td>6.482</td>
</tr>
<tr valign="top" class="Error">
<td><a href="junitpack/1_ScreenshotTests.html">ScreenshotTests</a></td><td><a name="executeFirefoxDriver"></a><a href="junitpack/1_ScreenshotTests.html#executeFirefoxDriver">executeFirefoxDriver</a></td><td>Error</td><td>Unable to create new remote session. desired capabilities = Capabilities [{marionette=true, browserName=firefox, version=, platform=ANY}], required capabilities = Capabilities [{}]
Build info: version: 'unknown', revision: '1969d75', time: '2016-10-18 09:43:45 -0700'
System info: host: 'TPE-Alex-Yang', ip: '192.168.40.1', os.name: 'Windows 8.1', os.arch: 'amd64', os.version: '6.3', java.version: '1.8.0_74'
Driver info: driver.version: RemoteWebDriver<br>
<br>
<code>org.openqa.selenium.SessionNotCreatedException: Unable to create new remote session. desired capabilities = Capabilities [{marionette=true, browserName=firefox, version=, platform=ANY}], required capabilities = Capabilities [{}]<br>Build info: version: 'unknown', revision: '1969d75', time: '2016-10-18 09:43:45 -0700'<br>System info: host: 'TPE-Alex-Yang', ip: '192.168.40.1', os.name: 'Windows 8.1', os.arch: 'amd64', os.version: '6.3', java.version: '1.8.0_74'<br>Driver info: driver.version: RemoteWebDriver<br>	at org.openqa.selenium.remote.ProtocolHandshake.createSession(ProtocollHandshake.java:91)<br>	at org.openqa.selenium.remote.HttpCommandExecutor.execute(HttpCommandExecutor.java:141)<br>	at org.openqa.selenium.remote.RemoteWebDriver.execute(RemoteWebDriver.java:601)<br>	at org.openqa.selenium.remote.RemoteWebDriver.startSession(RemoteWebDriver.java:241)<br>	at org.openqa.selenium.remote.RemoteWebDriver.&lt;init&gt;(RemoteWebDriver.java:128)<br>	at org.openqa.selenium.remote.RemoteWebDriver.&lt;init&gt;(RemoteWebDriver.jjava:155)<br>	at junitpack.ScreenshotTests.execute(ScreenshotTests.java:45)<br>	at junitpack.ScreenshotTests.executeFFirefoxDriver(ScreenshotTests.java:33)<br>
</code></td><td>1.647</td>
</tr>
<tr valign="top" class="Error">
<td><a href="junitpack/1_ScreenshotTests.html">ScreenshotTests</a></td><td><a name="executeInternetExplorerDriver"></a><a href="junitpack/1_ScreenshotTests.html#executeInternetExplorerDriver">executeInternetExplorerDriver</a></td><td>Error</td><td>Unable to create new remote session. desired capabilities = Capabilities [{ensureCleanSession=true, browserName=internet explorer, version=, platform=WINDOWS}], required capabilities = Capabilities [{}]
Build info: version: 'unknown', revision: '1969d75', time: '2016-10-18 09:43:45 -0700'
System info: host: 'TPE-Alex-Yang', ip: '192.168.40.1', os.name: 'Windows 8.1', os.arch: 'amd64', os.version: '6.3', java.version: '1.8.0_74'
Driver info: driver.version: RemoteWebDriver<br>
<br>
<code>org.openqa.selenium.SessionNotCreatedException: Unable to create new remote session. desired capabilities = Capabilities [{ensureCleanSession=true, browserName=internet  explorer, version=, platform=WINDOWS}], required capabilities = Capabilities [{}]<br>Build info: version: 'unknown', revision: '1969d75', timme: '2016-10-18 09:43:45 -0700'<br>System info: host: 'TPE-Alex-Yang', ip: '192.168.40.1', os.name: 'Windows 8.1', os.arch: 'amd64', os.version: '6.3', java.version: '1.8.0__74'<br>Driver info: driver.version: RemoteWebDriver<br>	at org.openqa.selenium.remote.ProtocolHandshake.createSession(ProtocolHandshake.java:91)<br>	at org.openqa.selenium.remote.HttpCommandExecutor.execute(HttpCommandExecutor.java:1141)<br>	at org.openqa.selenium.remote.RemoteWebDriver.execute(RemoteWebDriver.java:6011)<br>	at org.openqa.selenium.remote.RemoteWebDriver.startSession(RemoteWebDriver.java:2441)<br>	at org.openqa.selenium.reemote.RemoteWebDriver.&lt;init&gt;(RemoteWebDriver.java:128)<br>	at org.openqa.selenium.remote.RemoteWebDriver.&lt;init&gt;(RemoteWebDriver.java:155)<br>	at junitpack.ScreenshotTests.execcute(ScreenshotTests.java:45)<br>	at junitpack.ScreenshotTests.executeInternetExplorerDriver(ScreenshotTests.java:37)<br>
</code></td><td>0.048</td>
</tr>
<tr valign="top" class="Error">
<td><a href="junitpack/1_ScreenshotTests.html">ScreenshotTests</a></td><td><a name="executeChrome"></a><a href="junitpack/1_ScreenshotTests.html#executeChrome">executeChrome</a></td><td>Error</td><td>Unable to create new remote session. desired capabilities = Capabilities [{browserName=chrome, version=, platform=ANY}], required capabilities = Capabilities [{}]
Build info: version: 'unknown', revision: '1969d75', time: '2016-10-18 09:43:45 -0700'
System info: host: 'TPE-Alex-Yang', ip: '192.168.40.1', os.name: 'Windows 8.1', os.arch: 'amd64', os.version: '6.3', java.version: '1.8.0_74'
Driver info: driver.version: RemoteWebDriver<br>
<br>
<code>org.openqa.selenium.SessionNotCreatedException: Unable to create new remote session. desired capabilities = Capabilities [{browserName=chrome, versioon=, platform=ANY}], required capabilities = Capabilities [{}]<br>Build info: version: 'unknown', revision: '1969d75', time: '2016-10-18 09:433:45 -0700'<br>System info: host: 'TPE-Alex-Yang', ip: '192.168.40.1', os.name: 'Windows 8.1', os.arch: 'amd64', os.version: '6.3', java.version: '1.8.0__74'<br>Driver info: driver.version: RemoteWebDriver<br>	at org.openqa.selenium.remote.ProtocolHandshake.createSession(ProtocolHandshake.java:91)<br>	at org.openqa.selenium.remote.HttpCommandExecutor.execute(HttpCommandExecutor.java:1141)<br>	at org.openqa.selenium.remote.RemoteWebDriver.execute(RemoteWebDriver.java:6011)<br>	at org.openqa.selenium.remote.RemoteWebDriver.startSession(RemoteWebDriver.java:2441)<br>	at org.openqa.sellenium.remote.RemoteWebDriver.&lt;init&gt;(RemoteWebDriver.java:128)<br>	at org.openqa.selenium.remote.RemoteWebDriver.&lt;init&gt;(RemoteWebDriver.java:155)<br>	at junitpack.ScreenshotTeests.execute(ScreenshotTests.java:45)<br>	at junitpack.ScreenshotTests.executeChrome(ScreenshotTests.java:41)<br>
</code></td><td>0.070</td>
</tr>
<tr valign="top" class="Error">
<td><a href="junitpack/2_junit_oauth_login.html">junit_oauth_login</a></td><td><a name="initializationError"></a><a href="junitpack/2_junit_oauth_login.html#initializationError">initializationError</a></td><td>Error</td><td>No runnable methods<br>
<br>
<code>java.lang.Exception: No runnable methods<br>	at java.lang.reflect.Constructor.newInstance(Unknown Source)<br>
</code></td><td>0.007</td>
</tr>
<tr valign="top" class="TableRowColor">
<td><a href="junitpack/3_testtimes.html">testtimes</a></td><td><a name="Case[0.keyin Email address: Null]"></a><a href="junitpack/3_testtimes.html#Case[0.keyin Email address: Null]">Case[0.keyin Email address: Null]</a></td><td>Success</td><td></td><td>0.001</td>
</tr>
<tr valign="top" class="TableRowColor">
<td><a href="junitpack/3_testtimes.html">testtimes</a></td><td><a name="Case[0_1.keyin Password: Null]"></a><a href="junitpack/3_testtimes.html#Case[0_1.keyin Password: Null]">Case[0_1.keyin Password: Null]</a></td><td>Success</td><td></td><td>0.000</td>
</tr>
<tr valign="top" class="TableRowColor">
<td><a href="junitpack/3_testtimes.html">testtimes</a></td><td><a name="Case[1.keyin Email address: Abnormal a@a]"></a><a href="junitpack/3_testtimes.html#Case[1.keyin Email address: Abnormal a@a]">Case[1.keyin Email address: Abnormal a@a]</a></td><td>Success</td><td></td><td>0.000</td>
</tr>
<tr valign="top" class="TableRowColor">
<td><a href="junitpack/3_testtimes.html">testtimes</a></td><td><a name="Case[1_1.keyin Email address: Abnormal a@a.c]"></a><a href="junitpack/3_testtimes.html#Case[1_1.keyin Email address: Abnormal a@a.c]">Case[1_1.keyin Email address: Abnormal a@a.c]</a></td><td>Success</td><td></td><td>0.000</td>
</tr>
<tr valign="top" class="TableRowColor">
<td><a href="junitpack/3_testtimes.html">testtimes</a></td><td><a name="Case[1_2.keyin Email address: Abnormal a@@a.c2c]"></a><a href="junitpack/3_testtimes.html#Case[1_2.keyin Email address: Abnormal a@@a.c2c]">Case[1_2.keyin Email address: Abnormal a@@a.c2c]</a></td><td>Success</td><td></td><td>0.000</td>
</tr>
<tr valign="top" class="TableRowColor">
<td><a href="junitpack/3_testtimes.html">testtimes</a></td><td><a name="Case[1_3.keyin Email address: Abnormal a@a@a.cc]"></a><a href="junitpack/3_testtimes.html#Case[1_3.keyin Email address: Abnormal a@a@a.cc]">Case[1_3.keyin Email address: Abnormal a@a@a.cc]</a></td><td>Success</td><td></td><td>0.000</td>
</tr>
<tr valign="top" class="TableRowColor">
<td><a href="junitpack/3_testtimes.html">testtimes</a></td><td><a name="Case[1_4.keyin Email address: Abnormal aa.cc]"></a><a href="junitpack/3_testtimes.html#Case[1_4.keyin Email address: Abnormal aa.cc]">Case[1_4.keyin Email address: Abnormal aa.cc]</a></td><td>Success</td><td></td><td>0.001</td>
</tr>
<tr valign="top" class="TableRowColor">
<td><a href="junitpack/3_testtimes.html">testtimes</a></td><td><a name="Case[1_5.keyin Email address: Abnormal abcd]"></a><a href="junitpack/3_testtimes.html#Case[1_5.keyin Email address: Abnormal abcd]">Case[1_5.keyin Email address: Abnormal abcd]</a></td><td>Success</td><td></td><td>0.000</td>
</tr>
<tr valign="top" class="TableRowColor">
<td><a href="junitpack/3_testtimes.html">testtimes</a></td><td><a name="Case[2.keyin error password]"></a><a href="junitpack/3_testtimes.html#Case[2.keyin error password]">Case[2.keyin error password]</a></td><td>Success</td><td></td><td>0.000</td>
</tr>
<tr valign="top" class="TableRowColor">
<td><a href="junitpack/3_testtimes.html">testtimes</a></td><td><a name="Case[3.keyin less than 8 characters password]"></a><a href="junitpack/3_testtimes.html#Case[3.keyin less than 8 characters password]">Case[3.keyin less than 8 characters password]</a></td><td>Success</td><td></td><td>0.000</td>
</tr>
<tr valign="top" class="TableRowColor">
<td><a href="junitpack/3_testtimes.html">testtimes</a></td><td><a name="Case[4.keyin 1~8 password]"></a><a href="junitpack/3_testtimes.html#Case[4.keyin 1~8 password]">Case[4.keyin 1~8 password]</a></td><td>Success</td><td></td><td>0.001</td>
</tr>
<tr valign="top" class="TableRowColor">
<td><a href="junitpack/3_testtimes.html">testtimes</a></td><td><a name="Case[5.keyin over 20 characters]"></a><a href="junitpack/3_testtimes.html#Case[5.keyin over 20 characters]">Case[5.keyin over 20 characters]</a></td><td>Success</td><td></td><td>0.000</td>
</tr>
<tr valign="top" class="TableRowColor">
<td><a href="junitpack/3_testtimes.html">testtimes</a></td><td><a name="Case[6.The e-mail format incorrect]"></a><a href="junitpack/3_testtimes.html#Case[6.The e-mail format incorrect]">Case[6.The e-mail format incorrect]</a></td><td>Success</td><td></td><td>0.000</td>
</tr>
<tr valign="top" class="TableRowColor">
<td><a href="junitpack/3_testtimes.html">testtimes</a></td><td><a name="Case[7.Enter resend email page]"></a><a href="junitpack/3_testtimes.html#Case[7.Enter resend email page]">Case[7.Enter resend email page]</a></td><td>Success</td><td></td><td>0.000</td>
</tr>
<tr valign="top" class="TableRowColor">
<td><a href="junitpack/3_testtimes.html">testtimes</a></td><td><a name="Case[8.Enter resend email page - Null]"></a><a href="junitpack/3_testtimes.html#Case[8.Enter resend email page - Null]">Case[8.Enter resend email page - Null]</a></td><td>Success</td><td></td><td>0.000</td>
</tr>
<tr valign="top" class="TableRowColor">
<td><a href="junitpack/3_testtimes.html">testtimes</a></td><td><a name="Case[9.Enter resend email page - a@a]"></a><a href="junitpack/3_testtimes.html#Case[9.Enter resend email page - a@a]">Case[9.Enter resend email page - a@a]</a></td><td>Success</td><td></td><td>0.000</td>
</tr>
<tr valign="top" class="TableRowColor">
<td><a href="junitpack/3_testtimes.html">testtimes</a></td><td><a name="Case[9_1.Enter resend email page - a@a.c]"></a><a href="junitpack/3_testtimes.html#Case[9_1.Enter resend email page - a@a.c]">Case[9_1.Enter resend email page - a@a.c]</a></td><td>Success</td><td></td><td>0.000</td>
</tr>
<tr valign="top" class="TableRowColor">
<td><a href="junitpack/3_testtimes.html">testtimes</a></td><td><a name="Case[9_2.Enter resend email page - a@@a.c2c]"></a><a href="junitpack/3_testtimes.html#Case[9_2.Enter resend email page - a@@a.c2c]">Case[9_2.Enter resend email page - a@@a.c2c]</a></td><td>Success</td><td></td><td>0.000</td>
</tr>
<tr valign="top" class="TableRowColor">
<td><a href="junitpack/3_testtimes.html">testtimes</a></td><td><a name="Case[9_3.Enter resend email page - a@a@a.cc]"></a><a href="junitpack/3_testtimes.html#Case[9_3.Enter resend email page - a@a@a.cc]">Case[9_3.Enter resend email page - a@a@a.cc]</a></td><td>Success</td><td></td><td>0.000</td>
</tr>
<tr valign="top" class="TableRowColor">
<td><a href="junitpack/3_testtimes.html">testtimes</a></td><td><a name="Case[9_4.Enter resend email page - aa.cc]"></a><a href="junitpack/3_testtimes.html#Case[9_4.Enter resend email page - aa.cc]">Case[9_4.Enter resend email page - aa.cc]</a></td><td>Success</td><td></td><td>0.001</td>
</tr>
<tr valign="top" class="TableRowColor">
<td><a href="junitpack/3_testtimes.html">testtimes</a></td><td><a name="Case[9_5.Enter resend email page - abcd]"></a><a href="junitpack/3_testtimes.html#Case[9_5.Enter resend email page - abcd]">Case[9_5.Enter resend email page - abcd]</a></td><td>Success</td><td></td><td>0.000</td>
</tr>
<tr valign="top" class="TableRowColor">
<td><a href="junitpack/3_testtimes.html">testtimes</a></td><td><a name="Case[10.Enter resend email page - right account]"></a><a href="junitpack/3_testtimes.html#Case[10.Enter resend email page - right account]">Case[10.Enter resend email page - right account]</a></td><td>Success</td><td></td><td>0.000</td>
</tr>
</table>
</body>
</html>
